2020-12-12 02:17:28 error: uncaughtException: listen EADDRINUSE: address already in use :::4000
Error: listen EADDRINUSE: address already in use :::4000
    at Server.setupListenHandle [as _listen2] (net.js:1313:16)
    at listenInCluster (net.js:1361:12)
    at Server.listen (net.js:1447:7)
    at Function.listen (/Users/wpdev/Sites/tic-tac-toe/backend/node_modules/express/lib/application.js:618:24)
    at App.listen (/Users/wpdev/Sites/tic-tac-toe/backend/src/app.ts:31:14)
    at Object.<anonymous> (/Users/wpdev/Sites/tic-tac-toe/backend/src/server.ts:10:5)
    at Module._compile (internal/modules/cjs/loader.js:1137:30)
    at Module.m._compile (/Users/wpdev/Sites/tic-tac-toe/backend/node_modules/ts-node/src/index.ts:1056:23)
    at Module._extensions..js (internal/modules/cjs/loader.js:1157:10)
    at Object.require.extensions.<computed> [as .ts] (/Users/wpdev/Sites/tic-tac-toe/backend/node_modules/ts-node/src/index.ts:1059:12)
2020-12-12 02:19:55 error: uncaughtException: listen EADDRINUSE: address already in use :::4000
Error: listen EADDRINUSE: address already in use :::4000
    at Server.setupListenHandle [as _listen2] (net.js:1313:16)
    at listenInCluster (net.js:1361:12)
    at Server.listen (net.js:1447:7)
    at Function.listen (/Users/wpdev/Sites/tic-tac-toe/backend/node_modules/express/lib/application.js:618:24)
    at App.listen (/Users/wpdev/Sites/tic-tac-toe/backend/src/app.ts:31:14)
    at Object.<anonymous> (/Users/wpdev/Sites/tic-tac-toe/backend/src/server.ts:10:5)
    at Module._compile (internal/modules/cjs/loader.js:1137:30)
    at Module.m._compile (/Users/wpdev/Sites/tic-tac-toe/backend/node_modules/ts-node/src/index.ts:1056:23)
    at Module._extensions..js (internal/modules/cjs/loader.js:1157:10)
    at Object.require.extensions.<computed> [as .ts] (/Users/wpdev/Sites/tic-tac-toe/backend/node_modules/ts-node/src/index.ts:1059:12)
2020-12-12 02:25:12 error: uncaughtException: this.initializeSwagger is not a function
TypeError: this.initializeSwagger is not a function
    at new App (/Users/wpdev/Sites/tic-tac-toe/backend/src/app.ts:26:10)
    at Object.<anonymous> (/Users/wpdev/Sites/tic-tac-toe/backend/src/server.ts:8:13)
    at Module._compile (internal/modules/cjs/loader.js:1137:30)
    at Module.m._compile (/Users/wpdev/Sites/tic-tac-toe/backend/node_modules/ts-node/src/index.ts:1056:23)
    at Module._extensions..js (internal/modules/cjs/loader.js:1157:10)
    at Object.require.extensions.<computed> [as .ts] (/Users/wpdev/Sites/tic-tac-toe/backend/node_modules/ts-node/src/index.ts:1059:12)
    at Module.load (internal/modules/cjs/loader.js:985:32)
    at Function.Module._load (internal/modules/cjs/loader.js:878:14)
    at Function.executeUserEntryPoint [as runMain] (internal/modules/run_main.js:71:12)
    at main (/Users/wpdev/Sites/tic-tac-toe/backend/node_modules/ts-node/src/bin.ts:198:14)
2020-12-12 02:27:47 error: uncaughtException: listen EADDRINUSE: address already in use :::4000
Error: listen EADDRINUSE: address already in use :::4000
    at Server.setupListenHandle [as _listen2] (net.js:1313:16)
    at listenInCluster (net.js:1361:12)
    at Server.listen (net.js:1447:7)
    at Function.listen (/Users/wpdev/Sites/tic-tac-toe/backend/node_modules/express/lib/application.js:618:24)
    at App.listen (/Users/wpdev/Sites/tic-tac-toe/backend/src/app.ts:28:14)
    at Object.<anonymous> (/Users/wpdev/Sites/tic-tac-toe/backend/src/server.ts:10:5)
    at Module._compile (internal/modules/cjs/loader.js:1137:30)
    at Module.m._compile (/Users/wpdev/Sites/tic-tac-toe/backend/node_modules/ts-node/src/index.ts:1056:23)
    at Module._extensions..js (internal/modules/cjs/loader.js:1157:10)
    at Object.require.extensions.<computed> [as .ts] (/Users/wpdev/Sites/tic-tac-toe/backend/node_modules/ts-node/src/index.ts:1059:12)
2020-12-12 02:29:51 error: uncaughtException: listen EADDRINUSE: address already in use :::4000
Error: listen EADDRINUSE: address already in use :::4000
    at Server.setupListenHandle [as _listen2] (net.js:1313:16)
    at listenInCluster (net.js:1361:12)
    at Server.listen (net.js:1447:7)
    at Function.listen (/Users/wpdev/Sites/tic-tac-toe/backend/node_modules/express/lib/application.js:618:24)
    at App.listen (/Users/wpdev/Sites/tic-tac-toe/backend/src/app.ts:28:14)
    at Object.<anonymous> (/Users/wpdev/Sites/tic-tac-toe/backend/src/server.ts:10:5)
    at Module._compile (internal/modules/cjs/loader.js:1137:30)
    at Module.m._compile (/Users/wpdev/Sites/tic-tac-toe/backend/node_modules/ts-node/src/index.ts:1056:23)
    at Module._extensions..js (internal/modules/cjs/loader.js:1157:10)
    at Object.require.extensions.<computed> [as .ts] (/Users/wpdev/Sites/tic-tac-toe/backend/node_modules/ts-node/src/index.ts:1059:12)
