2020-12-12 01:26:10 info: 🚀 App listening on the port 4000
2020-12-12 01:30:41 info: [0mGET / [32m200[0m 5.949 ms - 2[0m
2020-12-12 01:30:41 info: [0mGET /favicon.ico [33m404[0m 2.185 ms - 150[0m
2020-12-12 01:49:27 info: [0mGET /api-docs [36m301[0m 10.505 ms - 183[0m
2020-12-12 01:49:27 info: [0mGET /api-docs/ [32m200[0m 8.688 ms - -[0m
2020-12-12 01:49:27 info: [0mGET /api-docs/swagger-ui-init.js [32m200[0m 1.572 ms - -[0m
2020-12-12 01:49:27 info: [0mGET /api-docs/swagger-ui.css [32m200[0m 10.982 ms - -[0m
2020-12-12 01:49:27 info: [0mGET /api-docs/swagger-ui-standalone-preset.js [32m200[0m 11.980 ms - -[0m
2020-12-12 01:49:27 info: [0mGET /api-docs/swagger-ui-bundle.js [32m200[0m 16.363 ms - -[0m
2020-12-12 01:49:28 info: [0mGET /api-docs/favicon-32x32.png [32m200[0m 6.614 ms - 628[0m
2020-12-12 01:49:38 info: [0mGET /users [32m200[0m 1.167 ms - 460[0m
2020-12-12 02:15:05 info: 🚀 App listening on the port 4000
2020-12-12 02:15:14 info: [0mGET / [36m304[0m 7.157 ms - -[0m
2020-12-12 02:15:33 info: [0mGET /api-docs/ [36m304[0m 4.683 ms - -[0m
2020-12-12 02:15:33 info: [0mGET /api-docs/swagger-ui.css [36m304[0m 10.106 ms - -[0m
2020-12-12 02:15:33 info: [0mGET /api-docs/swagger-ui-bundle.js [36m304[0m 8.565 ms - -[0m
2020-12-12 02:15:33 info: [0mGET /api-docs/swagger-ui-init.js [36m304[0m 1.473 ms - -[0m
2020-12-12 02:15:33 info: [0mGET /api-docs/swagger-ui-standalone-preset.js [36m304[0m 5.994 ms - -[0m
2020-12-12 02:17:02 info: [0mGET /api-docs/ [36m304[0m 1.192 ms - -[0m
2020-12-12 02:17:02 info: [0mGET /api-docs/swagger-ui.css [36m304[0m 4.636 ms - -[0m
2020-12-12 02:17:02 info: [0mGET /api-docs/swagger-ui-bundle.js [36m304[0m 4.780 ms - -[0m
2020-12-12 02:17:02 info: [0mGET /api-docs/swagger-ui-init.js [36m304[0m 0.459 ms - -[0m
2020-12-12 02:17:02 info: [0mGET /api-docs/swagger-ui-standalone-preset.js [36m304[0m 6.618 ms - -[0m
2020-12-12 02:17:02 info: [0mGET /api-docs/favicon-32x32.png [32m200[0m 3.390 ms - 628[0m
2020-12-12 02:17:09 info: [0mGET / [36m304[0m 0.823 ms - -[0m
2020-12-12 02:17:13 info: [0mGET /api-docs/ [36m304[0m 0.899 ms - -[0m
2020-12-12 02:17:13 info: [0mGET /api-docs/swagger-ui.css [36m304[0m 3.819 ms - -[0m
2020-12-12 02:17:13 info: [0mGET /api-docs/swagger-ui-bundle.js [36m304[0m 2.195 ms - -[0m
2020-12-12 02:17:13 info: [0mGET /api-docs/swagger-ui-standalone-preset.js [36m304[0m 2.609 ms - -[0m
2020-12-12 02:17:13 info: [0mGET /api-docs/swagger-ui-init.js [36m304[0m 0.681 ms - -[0m
2020-12-12 02:36:02 info: 🚀 App listening on the port 4001
2020-12-12 02:36:05 info: [0mGET / [32m200[0m 6.824 ms - 2[0m
2020-12-12 02:36:06 info: [0mGET /favicon.ico [33m404[0m 1.745 ms - 150[0m
2020-12-12 02:36:14 info: [0mGET /api-docs [33m404[0m 0.728 ms - 147[0m
2020-12-12 02:36:19 info: [0mGET / [32m200[0m 0.518 ms - 2[0m
2020-12-12 02:42:40 info: 🚀 App listening on the port 4001
2020-12-12 02:42:54 info: [0mGET / [36m304[0m 3.520 ms - -[0m
2020-12-12 02:42:59 info: [0mGET / [32m200[0m 1.442 ms - 2[0m
2020-12-12 03:02:11 info: 🚀 App listening on the port 4001
2020-12-12 03:02:24 info: [0mGET / [36m304[0m 4.114 ms - -[0m
2020-12-12 03:02:29 info: [0mGET /reset [33m404[0m 2.040 ms - 144[0m
2020-12-12 03:02:46 info: 🚀 App listening on the port 4001
2020-12-12 03:02:50 info: [0mGET /reset [32m200[0m 4.396 ms - 2[0m
2020-12-12 03:02:50 error: StatusCode : 500, Message : Cannot set headers after they are sent to the client
2020-12-12 03:02:57 info: [0mGET /reset [32m200[0m 0.831 ms - 2[0m
2020-12-12 03:02:57 error: StatusCode : 500, Message : Cannot set headers after they are sent to the client
2020-12-12 03:03:18 info: 🚀 App listening on the port 4001
2020-12-12 03:03:24 info: [0mGET /reset [32m200[0m 6.998 ms - 30[0m
2020-12-12 03:05:35 info: 🚀 App listening on the port 4001
2020-12-12 03:05:42 info: [0mGET /reset [32m200[0m 15.934 ms - 44[0m
2020-12-12 03:06:54 info: 🚀 App listening on the port 4001
2020-12-12 03:07:05 info: 🚀 App listening on the port 4001
2020-12-12 03:08:21 info: 🚀 App listening on the port 4001
2020-12-12 03:08:36 info: 🚀 App listening on the port 4001
2020-12-12 03:09:16 info: 🚀 App listening on the port 4001
2020-12-12 03:09:49 info: 🚀 App listening on the port 4001
